C:\DEV\CLARIONEDGEADDINS\CLARION-ADDINS\UACHELPERS\UACHELPERS.CPPLIBRARY\BIN\RELEASE\UACHELPERS.USERACCOUNTCONTROL.DLL
C:\DEV\CLARIONEDGEADDINS\CLARION-ADDINS\UACHELPERS\UACHELPERS.CPPLIBRARY\BIN\RELEASE\UACHELPERS.USERACCOUNTCONTROL.PDB
C:\DEV\CLARIONEDGEADDINS\CLARION-ADDINS\UACHELPERS\UACHELPERS.CPPLIBRARY\BIN\RELEASE\UACHELPERS.USERACCOUNTCONTROL.XML
C:\DEV\CLARIONEDGEADDINS\CLARION-ADDINS\UACHELPERS\UACHELPERS.CPPLIBRARY\RELEASE\ASSEMBLYINFO.OBJ
C:\DEV\CLARIONEDGEADDINS\CLARION-ADDINS\UACHELPERS\UACHELPERS.CPPLIBRARY\RELEASE\ASSEMBLYINFO.XDC
C:\Dev\ClarionEdgeAddins\clarion-addins\UACHelpers\UacHelpers.CppLibrary\Release\cl.command.1.tlog
C:\Dev\ClarionEdgeAddins\clarion-addins\UACHelpers\UacHelpers.CppLibrary\Release\CL.read.1.tlog
C:\Dev\ClarionEdgeAddins\clarion-addins\UACHelpers\UacHelpers.CppLibrary\Release\CL.write.1.tlog
C:\Dev\ClarionEdgeAddins\clarion-addins\UACHelpers\UacHelpers.CppLibrary\Release\link.command.1.tlog
C:\Dev\ClarionEdgeAddins\clarion-addins\UACHelpers\UacHelpers.CppLibrary\Release\link.read.1.tlog
C:\Dev\ClarionEdgeAddins\clarion-addins\UACHelpers\UacHelpers.CppLibrary\Release\link.write.1.tlog
C:\Dev\ClarionEdgeAddins\clarion-addins\UACHelpers\UacHelpers.CppLibrary\Release\metagen.read.1.tlog
C:\Dev\ClarionEdgeAddins\clarion-addins\UACHelpers\UacHelpers.CppLibrary\Release\metagen.write.1.tlog
C:\Dev\ClarionEdgeAddins\clarion-addins\UACHelpers\UacHelpers.CppLibrary\Release\MSXML3R.DLL.bi
C:\Dev\ClarionEdgeAddins\clarion-addins\UACHelpers\UacHelpers.CppLibrary\Release\mt.command.1.tlog
C:\Dev\ClarionEdgeAddins\clarion-addins\UACHelpers\UacHelpers.CppLibrary\Release\mt.read.1.tlog
C:\Dev\ClarionEdgeAddins\clarion-addins\UACHelpers\UacHelpers.CppLibrary\Release\mt.write.1.tlog
C:\DEV\CLARIONEDGEADDINS\CLARION-ADDINS\UACHELPERS\UACHELPERS.CPPLIBRARY\RELEASE\UACHELPERS.USERACCOUNTCONTROL.DLL.INTERMEDIATE.MANIFEST
C:\Dev\ClarionEdgeAddins\clarion-addins\UACHelpers\UacHelpers.CppLibrary\Release\UacHelpers.UserAccountControl.write.1.tlog
C:\DEV\CLARIONEDGEADDINS\CLARION-ADDINS\UACHELPERS\UACHELPERS.CPPLIBRARY\RELEASE\USERACCOUNTCONTROL.OBJ
C:\DEV\CLARIONEDGEADDINS\CLARION-ADDINS\UACHELPERS\UACHELPERS.CPPLIBRARY\RELEASE\USERACCOUNTCONTROL.XDC
C:\DEV\CLARIONEDGEADDINS\CLARION-ADDINS\UACHELPERS\UACHELPERS.CPPLIBRARY\RELEASE\VC90.PDB
C:\Dev\ClarionEdgeAddins\clarion-addins\UACHelpers\UacHelpers.CppLibrary\Release\XDCMake.command.1.tlog
C:\Dev\ClarionEdgeAddins\clarion-addins\UACHelpers\UacHelpers.CppLibrary\Release\xdcmake.read.1.tlog
C:\Dev\ClarionEdgeAddins\clarion-addins\UACHelpers\UacHelpers.CppLibrary\Release\xdcmake.write.1.tlog
